Thu Oct 24 2013 19:16:31 GMT+0100 (GMT Daylight Time):
{ [Error: Missing solution file path (--solutionFile), to explicitly not require a solution use the flag --no-solution]
  stack: [Getter/Setter],
  __frame: 
   { name: 'generateWapDeploymentScript',
     line: 119,
     file: 'C:\\Program Files (x86)\\Microsoft SDKs\\Windows Azure\\CLI\\node_modules\\kuduscript\\lib\\generator.js',
     prev: 
      { name: 'ScriptGenerator_prototype_generateDeploymentScript__1',
        line: 138,
        file: 'C:\\Program Files (x86)\\Microsoft SDKs\\Windows Azure\\CLI\\node_modules\\kuduscript\\lib\\generator.js',
        prev: [Object],
        active: false,
        offset: 6,
        col: 2 },
     active: false,
     offset: 1,
     col: 2 },
  rawStack: [Getter] }
Error: Missing solution file path (--solutionFile), to explicitly not require a solution use the flag --no-solution
    at ScriptGenerator_prototype_generateWapDeploymentScript__3 (C:\Program Files (x86)\Microsoft SDKs\Windows Azure\CLI\node_modules\kuduscript\lib\generator.js:171:16)
    at generateWapDeploymentScript (C:\Program Files (x86)\Microsoft SDKs\Windows Azure\CLI\node_modules\kuduscript\lib\generator.js:120:2)
    at ScriptGenerator_prototype_generateDeploymentScript__1 (C:\Program Files (x86)\Microsoft SDKs\Windows Azure\CLI\node_modules\kuduscript\lib\generator.js:144:2)
    at __4 (C:\Program Files (x86)\Microsoft SDKs\Windows Azure\CLI\lib\commands\site.js:158:4)

